<?xml version="1.0" encoding="UTF-8"?>
<testsuite xmlns:xsi="http://www.w3.org/2001/XMLSchema-instance" xsi:noNamespaceSchemaLocation="https://maven.apache.org/surefire/maven-surefire-plugin/xsd/surefire-test-report-3.0.xsd" version="3.0" name="ime.BookApp.service.impl.AuthorServiceImplTest" time="0.712" tests="7" errors="0" skipped="0" failures="0">
  <properties>
[...]
</properties>
  <testcase name="AuthorServiceImpl_getAllAuthorDTO_ReturnZeroOrMoreDTO" classname="ime.BookApp.service.impl.AuthorServiceImplTest" time="0.617"/>
  <testcase name="AuthorServiceImpl_deleteAuthorById_ReturnVoid" classname="ime.BookApp.service.impl.AuthorServiceImplTest" time="0.006"/>
  <testcase name="AuthorServiceImpl_getAuthorDTOByBookIdWithConstructor_ReturnAuthorDTO" classname="ime.BookApp.service.impl.AuthorServiceImplTest" time="0.004"/>
  <testcase name="AuthorServiceImpl_findAuthorById_ReturnAuthor" classname="ime.BookApp.service.impl.AuthorServiceImplTest" time="0.009"/>
  <testcase name="AuthorServiceImpl_findAllById_ReturnSetAuthorsByIds" classname="ime.BookApp.service.impl.AuthorServiceImplTest" time="0.011"/>
  <testcase name="AuthorServiceImpl_saveAuthor_ReturnAuthor" classname="ime.BookApp.service.impl.AuthorServiceImplTest" time="0.009"/>
  <testcase name="AuthorServiceImpl_updateAuthor_ReturnVoid" classname="ime.BookApp.service.impl.AuthorServiceImplTest" time="0.005"/>
</testsuite>