<?xml version="1.0" encoding="UTF-8"?>
<testsuite xmlns:xsi="http://www.w3.org/2001/XMLSchema-instance" xsi:noNamespaceSchemaLocation="https://maven.apache.org/surefire/maven-surefire-plugin/xsd/surefire-test-report-3.0.xsd" version="3.0" name="ime.BookApp.controller.MainControllerTest" time="1.209" tests="1" errors="0" skipped="0" failures="0">
  <properties>
[...]
</properties>
  <testcase name="MainController_mainIndex_ReturnView" classname="ime.BookApp.controller.MainControllerTest" time="0.228">
    <system-out><![CDATA[2023-06-22T20:54:01.982+02:00  INFO 6016 --- [           main] t.c.s.AnnotationConfigContextLoaderUtils : Could not detect default configuration classes for test class [ime.BookApp.controller.MainControllerTest]: MainControllerTest does not declare any static, non-private, non-final, nested classes annotated with @Configuration.
2023-06-22T20:54:01.998+02:00  INFO 6016 --- [           main] .b.t.c.SpringBootTestContextBootstrapper : Found @SpringBootConfiguration ime.BookApp.BookAppApplication for test class ime.BookApp.controller.MainControllerTest

  .   ____          _            __ _ _
 /\\ / ___'_ __ _ _(_)_ __  __ _ \ \ \ \
( ( )\___ | '_ | '_| | '_ \/ _` | \ \ \ \
 \\/  ___)| |_)| | | | | || (_| |  ) ) ) )
  '  |____| .__|_| |_|_| |_\__, | / / / /
 =========|_|==============|___/=/_/_/_/
 :: Spring Boot ::                (v3.1.0)

2023-06-22T20:54:02.133+02:00  INFO 6016 --- [           main] i.BookApp.controller.MainControllerTest  : Starting MainControllerTest using Java 17.0.7 with PID 6016 (started by User in C:\Users\User\Desktop\Proyectos\Spring\BookApp)
2023-06-22T20:54:02.134+02:00  INFO 6016 --- [           main] i.BookApp.controller.MainControllerTest  : No active profile set, falling back to 1 default profile: "default"
2023-06-22T20:54:02.814+02:00  INFO 6016 --- [           main] o.s.b.a.w.s.WelcomePageHandlerMapping    : Adding welcome page template: index
2023-06-22T20:54:02.904+02:00  INFO 6016 --- [           main] o.s.b.t.m.w.SpringBootMockServletContext : Initializing Spring TestDispatcherServlet ''
2023-06-22T20:54:02.904+02:00  INFO 6016 --- [           main] o.s.t.web.servlet.TestDispatcherServlet  : Initializing Servlet ''
2023-06-22T20:54:02.907+02:00  INFO 6016 --- [           main] o.s.t.web.servlet.TestDispatcherServlet  : Completed initialization in 2 ms
2023-06-22T20:54:02.928+02:00  INFO 6016 --- [           main] i.BookApp.controller.MainControllerTest  : Started MainControllerTest in 0.922 seconds (process running for 34.644)
]]></system-out>
  </testcase>
</testsuite>