<?xml version="1.0" encoding="UTF-8"?>
<testsuite xmlns:xsi="http://www.w3.org/2001/XMLSchema-instance" xsi:noNamespaceSchemaLocation="https://maven.apache.org/surefire/maven-surefire-plugin/xsd/surefire-test-report-3.0.xsd" version="3.0" name="ime.BookApp.repository.AuthorRepositoryTest" time="4.479" tests="3" errors="0" skipped="0" failures="0">
  <properties>
[...]
</properties>
  <testcase name="AuthorRepository_getAllAuthorsDTO_ReturnZeroOrMoreDTO" classname="ime.BookApp.repository.AuthorRepositoryTest" time="0.588">
    <system-out><![CDATA[2023-06-27T20:44:24.847+02:00  INFO 7968 --- [           main] t.c.s.AnnotationConfigContextLoaderUtils : Could not detect default configuration classes for test class [ime.BookApp.repository.AuthorRepositoryTest]: AuthorRepositoryTest does not declare any static, non-private, non-final, nested classes annotated with @Configuration.
2023-06-27T20:44:24.914+02:00  INFO 7968 --- [           main] .b.t.c.SpringBootTestContextBootstrapper : Found @SpringBootConfiguration ime.BookApp.BookAppApplication for test class ime.BookApp.repository.AuthorRepositoryTest

  .   ____          _            __ _ _
 /\\ / ___'_ __ _ _(_)_ __  __ _ \ \ \ \
( ( )\___ | '_ | '_| | '_ \/ _` | \ \ \ \
 \\/  ___)| |_)| | | | | || (_| |  ) ) ) )
  '  |____| .__|_| |_|_| |_\__, | / / / /
 =========|_|==============|___/=/_/_/_/
 :: Spring Boot ::                (v3.1.0)

2023-06-27T20:44:25.082+02:00  INFO 7968 --- [           main] i.B.repository.AuthorRepositoryTest      : Starting AuthorRepositoryTest using Java 17.0.7 with PID 7968 (started by User in C:\Users\User\Desktop\Proyectos\Spring\BookApp)
2023-06-27T20:44:25.083+02:00  INFO 7968 --- [           main] i.B.repository.AuthorRepositoryTest      : No active profile set, falling back to 1 default profile: "default"
2023-06-27T20:44:25.549+02:00  INFO 7968 --- [           main] .s.d.r.c.RepositoryConfigurationDelegate : Bootstrapping Spring Data JPA repositories in DEFAULT mode.
2023-06-27T20:44:25.948+02:00  INFO 7968 --- [           main] .s.d.r.c.RepositoryConfigurationDelegate : Finished Spring Data repository scanning in 398 ms. Found 5 JPA repository interfaces.
2023-06-27T20:44:26.028+02:00  INFO 7968 --- [           main] beddedDataSourceBeanFactoryPostProcessor : Replacing 'dataSource' DataSource bean with embedded version
2023-06-27T20:44:26.121+02:00  INFO 7968 --- [           main] o.s.j.d.e.EmbeddedDatabaseFactory        : Starting embedded database: url='jdbc:h2:mem:4e805611-45bb-4edc-9b8b-f7b7a34cade3;DB_CLOSE_DELAY=-1;DB_CLOSE_ON_EXIT=false', username='sa'
2023-06-27T20:44:26.246+02:00  INFO 7968 --- [           main] o.hibernate.jpa.internal.util.LogHelper  : HHH000204: Processing PersistenceUnitInfo [name: default]
2023-06-27T20:44:26.302+02:00  INFO 7968 --- [           main] o.h.b.i.BytecodeProviderInitiator        : HHH000021: Bytecode provider name : bytebuddy
2023-06-27T20:44:26.303+02:00  INFO 7968 --- [           main] o.s.o.j.p.SpringPersistenceUnitInfo      : No LoadTimeWeaver setup: ignoring JPA class transformer
2023-06-27T20:44:26.311+02:00  INFO 7968 --- [           main] org.hibernate.orm.dialect                : HHH035001: Using dialect: org.hibernate.dialect.H2Dialect, version: 2.1.214
2023-06-27T20:44:26.483+02:00  INFO 7968 --- [           main] o.h.b.i.BytecodeProviderInitiator        : HHH000021: Bytecode provider name : bytebuddy
2023-06-27T20:44:27.124+02:00  INFO 7968 --- [           main] o.h.e.t.j.p.i.JtaPlatformInitiator       : HHH000490: Using JtaPlatform implementation: [org.hibernate.engine.transaction.jta.platform.internal.NoJtaPlatform]
Hibernate: drop table if exists authors cascade 
Hibernate: drop table if exists books cascade 
Hibernate: drop table if exists books_authors cascade 
Hibernate: drop table if exists books_bookshops cascade 
Hibernate: drop table if exists bookshops cascade 
Hibernate: drop table if exists genres cascade 
Hibernate: drop table if exists publishers cascade 
Hibernate: create table authors (author_id bigint generated by default as identity, creation_timestamp timestamp(6), update_timestamp timestamp(6), name varchar(50) not null, surname varchar(50) not null, primary key (author_id))
Hibernate: create table books (book_id bigint generated by default as identity, creation_timestamp timestamp(6), genre_id bigint, publisher_id bigint, update_timestamp timestamp(6), isbn varchar(13) not null unique, title varchar(100) not null, primary key (book_id))
Hibernate: create table books_authors (author_id bigint not null, book_id bigint not null, primary key (author_id, book_id))
Hibernate: create table books_bookshops (price float(53) not null, units smallint not null, book_book_id bigint not null, bookshop_bookshop_id bigint not null, primary key (book_book_id, bookshop_bookshop_id))
Hibernate: create table bookshops (bookshop_id bigint generated by default as identity, creation_timestamp timestamp(6), update_timestamp timestamp(6), name varchar(50) not null, primary key (bookshop_id))
Hibernate: create table genres (creation_timestamp timestamp(6), genre_id bigint generated by default as identity, update_timestamp timestamp(6), name varchar(50) not null unique, description varchar(100) not null, primary key (genre_id))
Hibernate: create table publishers (creation_timestamp timestamp(6), publisher_id bigint generated by default as identity, update_timestamp timestamp(6), name varchar(50) not null unique, primary key (publisher_id))
Hibernate: alter table if exists books add constraint FK9hsvoalyniowgt8fbufidqj3x foreign key (genre_id) references genres
Hibernate: alter table if exists books add constraint FKayy5edfrqnegqj3882nce6qo8 foreign key (publisher_id) references publishers
Hibernate: alter table if exists books_authors add constraint FK3qua08pjd1ca1fe2x5cgohuu5 foreign key (author_id) references authors
Hibernate: alter table if exists books_authors add constraint FK1b933slgixbjdslgwu888m34v foreign key (book_id) references books
Hibernate: alter table if exists books_bookshops add constraint FKij7bml659q8dmk3pxig9hq6ew foreign key (book_book_id) references books
Hibernate: alter table if exists books_bookshops add constraint FKahoocy9xy73mkpoa7egvyqd10 foreign key (bookshop_bookshop_id) references bookshops
2023-06-27T20:44:27.374+02:00  INFO 7968 --- [           main] o.h.t.s.i.e.GenerationTargetToDatabase   : HHH000476: Executing script '[injected ScriptSourceInputNonExistentImpl script]'
2023-06-27T20:44:27.375+02:00  INFO 7968 --- [           main] j.LocalContainerEntityManagerFactoryBean : Initialized JPA EntityManagerFactory for persistence unit 'default'
2023-06-27T20:44:28.464+02:00  INFO 7968 --- [           main] i.B.repository.AuthorRepositoryTest      : Started AuthorRepositoryTest in 3.537 seconds (process running for 45.836)
Hibernate: select a1_0.author_id,a1_0.name,a1_0.surname from authors a1_0
]]></system-out>
  </testcase>
  <testcase name="AuthorRepository_getAuthorDTOByBookIdWithConstructor_ReturnZeroOrMoreDTO" classname="ime.BookApp.repository.AuthorRepositoryTest" time="0.067">
    <system-out><![CDATA[Hibernate: select a1_0.author_id,a1_0.name,a1_0.surname from authors a1_0 join books_authors b1_0 on a1_0.author_id=b1_0.author_id where b1_0.book_id=?
]]></system-out>
  </testcase>
  <testcase name="AuthorRepository_getAuthorsByBookIdWithTuples_ReturnZeroOrMoreDTO" classname="ime.BookApp.repository.AuthorRepositoryTest" time="0.153">
    <system-out><![CDATA[Hibernate: SELECT A.author_id, A.name, A.surname FROM AUTHORS A INNER JOIN BOOKS_AUTHORS BA ON BA.AUTHOR_ID = A.AUTHOR_ID WHERE BA.BOOK_ID = ?
]]></system-out>
  </testcase>
</testsuite>